Using pre-set license
Built from '2022.3/staging' branch; Version is '2022.3.29f1 (8d510ca76d2b) revision 9261324'; Using compiler version '192829333'; Build Type 'Release'
OS: 'Windows 10  (10.0.19045) 64bit Core' Language: 'en' Physical Memory: 16310 MB
BatchMode: 1, IsHumanControllingUs: 0, StartBugReporterOnCrash: 0, Is64bit: 1, IsPro: 1

COMMAND LINE ARGUMENTS:
C:\Program Files\Unity\Hub\Editor\2022.3.29f1\Editor\Unity.exe
-adb2
-batchMode
-noUpm
-name
AssetImportWorker2
-projectPath
C:/Users/barry/FocusLand
-logFile
Logs/AssetImportWorker2.log
-srvPort
50714
Successfully changed project path to: C:/Users/barry/FocusLand
C:/Users/barry/FocusLand
[UnityMemory] Configuration Parameters - Can be set up in boot.config
    "memorysetup-bucket-allocator-granularity=16"
    "memorysetup-bucket-allocator-bucket-count=8"
    "memorysetup-bucket-allocator-block-size=33554432"
    "memorysetup-bucket-allocator-block-count=8"
    "memorysetup-main-allocator-block-size=16777216"
    "memorysetup-thread-allocator-block-size=16777216"
    "memorysetup-gfx-main-allocator-block-size=16777216"
    "memorysetup-gfx-thread-allocator-block-size=16777216"
    "memorysetup-cache-allocator-block-size=4194304"
    "memorysetup-typetree-allocator-block-size=2097152"
    "memorysetup-profiler-bucket-allocator-granularity=16"
    "memorysetup-profiler-bucket-allocator-bucket-count=8"
    "memorysetup-profiler-bucket-allocator-block-size=33554432"
    "memorysetup-profiler-bucket-allocator-block-count=8"
    "memorysetup-profiler-allocator-block-size=16777216"
    "memorysetup-profiler-editor-allocator-block-size=1048576"
    "memorysetup-temp-allocator-size-main=16777216"
    "memorysetup-job-temp-allocator-block-size=2097152"
    "memorysetup-job-temp-allocator-block-size-background=1048576"
    "memorysetup-job-temp-allocator-reduction-small-platforms=262144"
    "memorysetup-allocator-temp-initial-block-size-main=262144"
    "memorysetup-allocator-temp-initial-block-size-worker=262144"
    "memorysetup-temp-allocator-size-background-worker=32768"
    "memorysetup-temp-allocator-size-job-worker=262144"
    "memorysetup-temp-allocator-size-preload-manager=33554432"
    "memorysetup-temp-allocator-size-nav-mesh-worker=65536"
    "memorysetup-temp-allocator-size-audio-worker=65536"
    "memorysetup-temp-allocator-size-cloud-worker=32768"
    "memorysetup-temp-allocator-size-gi-baking-worker=262144"
    "memorysetup-temp-allocator-size-gfx=262144"
Player connection [23240] Host "[IP] 192.168.1.7 [Port] 0 [Flags] 2 [Guid] 1837951929 [EditorId] 1837951929 [Version] 1048832 [Id] WindowsEditor(7,DESKTOP-K6G0QEG) [Debug] 1 [PackageName] WindowsEditor [ProjectName] Editor" joined multi-casting on [225.0.0.222:54997]...

Player connection [23240] Host "[IP] 192.168.1.7 [Port] 0 [Flags] 2 [Guid] 1837951929 [EditorId] 1837951929 [Version] 1048832 [Id] WindowsEditor(7,DESKTOP-K6G0QEG) [Debug] 1 [PackageName] WindowsEditor [ProjectName] Editor" joined alternative multi-casting on [225.0.0.222:34997]...

[Physics::Module] Initialized MultithreadedJobDispatcher with 11 workers.
Refreshing native plugins compatible for Editor in 16.50 ms, found 4 plugins.
Preloading 0 native plugins for Editor in 0.00 ms.
Initialize engine version: 2022.3.29f1 (8d510ca76d2b)
[Subsystems] Discovering subsystems at path C:/Program Files/Unity/Hub/Editor/2022.3.29f1/Editor/Data/Resources/UnitySubsystems
[Subsystems] Discovering subsystems at path C:/Users/barry/FocusLand/Assets
GfxDevice: creating device client; threaded=0; jobified=0
Direct3D:
    Version:  Direct3D 11.0 [level 11.1]
    Renderer: NVIDIA GeForce RTX 3060 Ti (ID=0x2489)
    Vendor:   NVIDIA
    VRAM:     8024 MB
    Driver:   31.0.15.5176
Initialize mono
Mono path[0] = 'C:/Program Files/Unity/Hub/Editor/2022.3.29f1/Editor/Data/Managed'
Mono path[1] = 'C:/Program Files/Unity/Hub/Editor/2022.3.29f1/Editor/Data/MonoBleedingEdge/lib/mono/unityjit-win32'
Mono config path = 'C:/Program Files/Unity/Hub/Editor/2022.3.29f1/Editor/Data/MonoBleedingEdge/etc'
Using monoOptions --debugger-agent=transport=dt_socket,embedding=1,server=y,suspend=n,address=127.0.0.1:56716
Begin MonoManager ReloadAssembly
Registering precompiled unity dll's ...
Register platform support module: C:/Program Files/Unity/Hub/Editor/2022.3.29f1/Editor/Data/PlaybackEngines/WindowsStandaloneSupport/UnityEditor.WindowsStandalone.Extensions.dll
Registered in 0.011236 seconds.
- Loaded All Assemblies, in  0.281 seconds
Native extension for WindowsStandalone target not found
Mono: successfully reloaded assembly
- Finished resetting the current domain, in  0.210 seconds
Domain Reload Profiling: 489ms
	BeginReloadAssembly (93ms)
		ExecutionOrderSort (0ms)
		DisableScriptedObjects (0ms)
		BackupInstance (0ms)
		ReleaseScriptingObjects (0ms)
		CreateAndSetChildDomain (1ms)
	RebuildCommonClasses (27ms)
	RebuildNativeTypeToScriptingClass (8ms)
	initialDomainReloadingComplete (55ms)
	LoadAllAssembliesAndSetupDomain (96ms)
		LoadAssemblies (91ms)
		RebuildTransferFunctionScriptingTraits (0ms)
		AnalyzeDomain (94ms)
			TypeCache.Refresh (93ms)
				TypeCache.ScanAssembly (84ms)
			ScanForSourceGeneratedMonoScriptInfo (0ms)
			ResolveRequiredComponents (0ms)
	FinalizeReload (211ms)
		ReleaseScriptCaches (0ms)
		RebuildScriptCaches (0ms)
		SetupLoadedEditorAssemblies (165ms)
			LogAssemblyErrors (0ms)
			InitializePlatformSupportModulesInManaged (9ms)
			SetLoadedEditorAssemblies (6ms)
			RefreshPlugins (0ms)
			BeforeProcessingInitializeOnLoad (2ms)
			ProcessInitializeOnLoadAttributes (113ms)
			ProcessInitializeOnLoadMethodAttributes (37ms)
			AfterProcessingInitializeOnLoad (0ms)
			EditorAssembliesLoaded (0ms)
		ExecutionOrderSort2 (0ms)
		AwakeInstancesAfterBackupRestoration (0ms)
========================================================================
Worker process is ready to serve import requests
Begin MonoManager ReloadAssembly
- Loaded All Assemblies, in  0.571 seconds
Refreshing native plugins compatible for Editor in 6.69 ms, found 4 plugins.
Native extension for WindowsStandalone target not found
Package Manager log level set to [2]
[Package Manager] Server::EnsureServerProcessIsRunning -- launch failed, reason: Unity was launched with the -noUpm command-line argument
[Package Manager] UpmClient::Send -- Unable to send message (not connected to UPM process).
[Package Manager] Cannot connect to Unity Package Manager local server
Mono: successfully reloaded assembly
- Finished resetting the current domain, in  0.650 seconds
Domain Reload Profiling: 1217ms
	BeginReloadAssembly (134ms)
		ExecutionOrderSort (0ms)
		DisableScriptedObjects (4ms)
		BackupInstance (0ms)
		ReleaseScriptingObjects (0ms)
		CreateAndSetChildDomain (18ms)
	RebuildCommonClasses (25ms)
	RebuildNativeTypeToScriptingClass (8ms)
	initialDomainReloadingComplete (39ms)
	LoadAllAssembliesAndSetupDomain (360ms)
		LoadAssemblies (298ms)
		RebuildTransferFunctionScriptingTraits (0ms)
		AnalyzeDomain (137ms)
			TypeCache.Refresh (113ms)
				TypeCache.ScanAssembly (102ms)
			ScanForSourceGeneratedMonoScriptInfo (17ms)
			ResolveRequiredComponents (5ms)
	FinalizeReload (651ms)
		ReleaseScriptCaches (0ms)
		RebuildScriptCaches (0ms)
		SetupLoadedEditorAssemblies (531ms)
			LogAssemblyErrors (0ms)
			InitializePlatformSupportModulesInManaged (6ms)
			SetLoadedEditorAssemblies (3ms)
			RefreshPlugins (0ms)
			BeforeProcessingInitializeOnLoad (67ms)
			ProcessInitializeOnLoadAttributes (417ms)
			ProcessInitializeOnLoadMethodAttributes (28ms)
			AfterProcessingInitializeOnLoad (11ms)
			EditorAssembliesLoaded (0ms)
		ExecutionOrderSort2 (0ms)
		AwakeInstancesAfterBackupRestoration (6ms)
Launched and connected shader compiler UnityShaderCompiler.exe after 0.04 seconds
Refreshing native plugins compatible for Editor in 6.56 ms, found 4 plugins.
Preloading 0 native plugins for Editor in 0.00 ms.
Unloading 4662 Unused Serialized files (Serialized files now loaded: 0)
Unloading 73 unused Assets / (64.0 KB). Loaded Objects now: 5126.
Memory consumption went from 159.6 MB to 159.6 MB.
Total: 3.485600 ms (FindLiveObjects: 0.263700 ms CreateObjectMapping: 0.121600 ms MarkObjects: 2.970600 ms  DeleteObjects: 0.128800 ms)

AssetImportParameters requested are different than current active one (requested -> active):
  custom:container-demuxer-ogg: 62fdf1f143b41e24485cea50d1cbac27 -> 
  custom:video-decoder-ogg-theora: a1e56fd34408186e4bbccfd4996cb3dc -> 
  custom:framework-win-MediaFoundation: 216162199b28c13a410421893ffa2e32 -> 
  custom:scripting/monoscript/fileName/NewBehaviourScript.cs: b21687ddb03d73bd9f0c1daecb9714de -> 
  custom:CustomObjectIndexerAttribute: 9a22284fe3817be447336de3de66b15e -> 
  custom:container-demuxer-webm: 4f35f7cbe854078d1ac9338744f61a02 -> 
  custom:container-muxer-webm: aa71ff27fc2769a1b78a27578f13a17b -> 
  custom:video-decoder-webm-vp8: 9c59270c3fd7afecdb556c50c9e8de78 -> 
  custom:SearchIndexIgnoredProperties: e643bd26f0fe6173181afceb89e7c659 -> 
  custom:AudioImporter_EditorPlatform: d09bf68614088b80899f8185d706f6e7 -> 
  custom:video-encoder-webm-vp8: eb34c28f22e8b96e1ab97ce403110664 -> 
  custom:audio-decoder-ogg-vorbis: bf7c407c2cedff20999df2af8eb42d56 -> 
  custom:audio-encoder-webm-vorbis: bf7c407c2cedff20999df2af8eb42d56 -> 
========================================================================
Received Import Request.
  Time since last request: 6022.062654 seconds.
  path: Assets/Puzzle stage & settings GUI Pack/Image_blue/s_button
  artifactKey: Guid(6533de7b0441ea246bc9e7877ab15dc7) Importer(815301076,1909f56bfc062723c751e8b465ee728b)
Start importing Assets/Puzzle stage & settings GUI Pack/Image_blue/s_button using Guid(6533de7b0441ea246bc9e7877ab15dc7) Importer(815301076,1909f56bfc062723c751e8b465ee728b)  -> (artifact id: '3cd57fc8214acd0358bc43f14eb6ea0c') in 0.002098 seconds
Number of updated asset objects reloaded before import = 0
Number of asset objects unloaded after import = 0
========================================================================
Received Import Request.
  Time since last request: 0.077133 seconds.
  path: Assets/Puzzle stage & settings GUI Pack/Image_blue/s_button/check.png
  artifactKey: Guid(78f867360b8a59048a4340aceaa5b868) Importer(815301076,1909f56bfc062723c751e8b465ee728b)
Start importing Assets/Puzzle stage & settings GUI Pack/Image_blue/s_button/check.png using Guid(78f867360b8a59048a4340aceaa5b868) Importer(815301076,1909f56bfc062723c751e8b465ee728b)  -> (artifact id: 'ebd7d41ef3941958b2c2ea5a0b1ca1eb') in 0.087120 seconds
Number of updated asset objects reloaded before import = 0
Number of asset objects unloaded after import = 3
========================================================================
Received Import Request.
  Time since last request: 0.004055 seconds.
  path: Assets/Puzzle stage & settings GUI Pack/Image_blue/s_button/ranking.png
  artifactKey: Guid(cc44c36c1a5153741b0b08c4492dd5db) Importer(815301076,1909f56bfc062723c751e8b465ee728b)
Start importing Assets/Puzzle stage & settings GUI Pack/Image_blue/s_button/ranking.png using Guid(cc44c36c1a5153741b0b08c4492dd5db) Importer(815301076,1909f56bfc062723c751e8b465ee728b)  -> (artifact id: '2b9d61a01cc55833e4336100b43a43fa') in 0.017535 seconds
Number of updated asset objects reloaded before import = 0
Number of asset objects unloaded after import = 3
========================================================================
Received Import Request.
  Time since last request: 0.006787 seconds.
  path: Assets/Puzzle stage & settings GUI Pack/Image_blue/s_button/share.png
  artifactKey: Guid(43fc558258fcc1444a5da409269deae9) Importer(815301076,1909f56bfc062723c751e8b465ee728b)
Start importing Assets/Puzzle stage & settings GUI Pack/Image_blue/s_button/share.png using Guid(43fc558258fcc1444a5da409269deae9) Importer(815301076,1909f56bfc062723c751e8b465ee728b)  -> (artifact id: '5066ca86de1ebc8bae4141df64b3cbdf') in 0.014892 seconds
Number of updated asset objects reloaded before import = 0
Number of asset objects unloaded after import = 3
========================================================================
Received Import Request.
  Time since last request: 0.000370 seconds.
  path: Assets/Puzzle stage & settings GUI Pack/Image_blue/s_button/sound1.png
  artifactKey: Guid(7fa6c779a5a842f48b786c57bb21d3a4) Importer(815301076,1909f56bfc062723c751e8b465ee728b)
Start importing Assets/Puzzle stage & settings GUI Pack/Image_blue/s_button/sound1.png using Guid(7fa6c779a5a842f48b786c57bb21d3a4) Importer(815301076,1909f56bfc062723c751e8b465ee728b)  -> (artifact id: '2ac9fabc428b49f7b276286cdbeda161') in 0.015316 seconds
Number of updated asset objects reloaded before import = 0
Number of asset objects unloaded after import = 3
========================================================================
Received Import Request.
  Time since last request: 4.405884 seconds.
  path: Assets/Puzzle stage & settings GUI Pack/Image_blue/text
  artifactKey: Guid(ae7cf32e51890b644b7bd1e80d5aa4ee) Importer(815301076,1909f56bfc062723c751e8b465ee728b)
Start importing Assets/Puzzle stage & settings GUI Pack/Image_blue/text using Guid(ae7cf32e51890b644b7bd1e80d5aa4ee) Importer(815301076,1909f56bfc062723c751e8b465ee728b)  -> (artifact id: 'bd4baec728cbca19c0a530a6f290809b') in 0.000760 seconds
Number of updated asset objects reloaded before import = 0
Number of asset objects unloaded after import = 0
========================================================================
Received Import Request.
  Time since last request: 0.061791 seconds.
  path: Assets/Puzzle stage & settings GUI Pack/Image_blue/text/0.png
  artifactKey: Guid(2c35b6ddbf283694eb9424814dc4b121) Importer(815301076,1909f56bfc062723c751e8b465ee728b)
Start importing Assets/Puzzle stage & settings GUI Pack/Image_blue/text/0.png using Guid(2c35b6ddbf283694eb9424814dc4b121) Importer(815301076,1909f56bfc062723c751e8b465ee728b)  -> (artifact id: '81512e92ee21da854a3a0e08ed2ad6f8') in 0.011767 seconds
Number of updated asset objects reloaded before import = 0
Number of asset objects unloaded after import = 3
========================================================================
Received Import Request.
  Time since last request: 0.003693 seconds.
  path: Assets/Puzzle stage & settings GUI Pack/Image_blue/text/2.png
  artifactKey: Guid(b541cf181ab7c7048b935f5d186531dc) Importer(815301076,1909f56bfc062723c751e8b465ee728b)
Start importing Assets/Puzzle stage & settings GUI Pack/Image_blue/text/2.png using Guid(b541cf181ab7c7048b935f5d186531dc) Importer(815301076,1909f56bfc062723c751e8b465ee728b)  -> (artifact id: '8c3ed390838d122fe35d28966515acc1') in 0.009852 seconds
Number of updated asset objects reloaded before import = 0
Number of asset objects unloaded after import = 3
========================================================================
Received Import Request.
  Time since last request: 0.005590 seconds.
  path: Assets/Puzzle stage & settings GUI Pack/Image_blue/text/4.png
  artifactKey: Guid(7be32faeabe792244bde0d37c56f8abc) Importer(815301076,1909f56bfc062723c751e8b465ee728b)
Start importing Assets/Puzzle stage & settings GUI Pack/Image_blue/text/4.png using Guid(7be32faeabe792244bde0d37c56f8abc) Importer(815301076,1909f56bfc062723c751e8b465ee728b)  -> (artifact id: '54800a0e6692a16d1bc913519fd48696') in 0.009796 seconds
Number of updated asset objects reloaded before import = 0
Number of asset objects unloaded after import = 3
========================================================================
Received Import Request.
  Time since last request: 0.005712 seconds.
  path: Assets/Puzzle stage & settings GUI Pack/Image_blue/text/6.png
  artifactKey: Guid(7efdbf078e412f242b7e4b9bc86bea49) Importer(815301076,1909f56bfc062723c751e8b465ee728b)
Start importing Assets/Puzzle stage & settings GUI Pack/Image_blue/text/6.png using Guid(7efdbf078e412f242b7e4b9bc86bea49) Importer(815301076,1909f56bfc062723c751e8b465ee728b)  -> (artifact id: '7c94d0c9ec6988726a5bab810bdef1e6') in 0.009738 seconds
Number of updated asset objects reloaded before import = 0
Number of asset objects unloaded after import = 3
========================================================================
Received Import Request.
  Time since last request: 0.005225 seconds.
  path: Assets/Puzzle stage & settings GUI Pack/Image_blue/text/8.png
  artifactKey: Guid(a665ee203ca63934192d28c83f633342) Importer(815301076,1909f56bfc062723c751e8b465ee728b)
Start importing Assets/Puzzle stage & settings GUI Pack/Image_blue/text/8.png using Guid(a665ee203ca63934192d28c83f633342) Importer(815301076,1909f56bfc062723c751e8b465ee728b)  -> (artifact id: '3f9bbcaafa8348388c813a1b58756e81') in 0.009885 seconds
Number of updated asset objects reloaded before import = 0
Number of asset objects unloaded after import = 3
========================================================================
Received Import Request.
  Time since last request: 0.005712 seconds.
  path: Assets/Puzzle stage & settings GUI Pack/Image_blue/text/music.png
  artifactKey: Guid(40eb2ae1af28725408e29962e7815e4e) Importer(815301076,1909f56bfc062723c751e8b465ee728b)
Start importing Assets/Puzzle stage & settings GUI Pack/Image_blue/text/music.png using Guid(40eb2ae1af28725408e29962e7815e4e) Importer(815301076,1909f56bfc062723c751e8b465ee728b)  -> (artifact id: '65ed09a2ca9c573ce2e5be1b820a5bc4') in 0.010907 seconds
Number of updated asset objects reloaded before import = 0
Number of asset objects unloaded after import = 3
========================================================================
Received Import Request.
  Time since last request: 0.003809 seconds.
  path: Assets/Puzzle stage & settings GUI Pack/Image_blue/text/sound.png
  artifactKey: Guid(37359761d0d211443856539e2547ad94) Importer(815301076,1909f56bfc062723c751e8b465ee728b)
Start importing Assets/Puzzle stage & settings GUI Pack/Image_blue/text/sound.png using Guid(37359761d0d211443856539e2547ad94) Importer(815301076,1909f56bfc062723c751e8b465ee728b)  -> (artifact id: '1b1227538ef29c426e7ab3ab7e612874') in 0.011315 seconds
Number of updated asset objects reloaded before import = 0
Number of asset objects unloaded after import = 3
========================================================================
Received Import Request.
  Time since last request: 0.004370 seconds.
  path: Assets/Puzzle stage & settings GUI Pack/Image_blue/text/stage text.png
  artifactKey: Guid(77a8043c3c3244c4fbdf835800c97bfc) Importer(815301076,1909f56bfc062723c751e8b465ee728b)
Start importing Assets/Puzzle stage & settings GUI Pack/Image_blue/text/stage text.png using Guid(77a8043c3c3244c4fbdf835800c97bfc) Importer(815301076,1909f56bfc062723c751e8b465ee728b)  -> (artifact id: 'ad42c1ceb91f6ebc69a8b44f7824a0d5') in 0.012648 seconds
Number of updated asset objects reloaded before import = 0
Number of asset objects unloaded after import = 3
========================================================================
Received Import Request.
  Time since last request: 220.341810 seconds.
  path: Assets/Puzzle stage & settings GUI Pack/Image_pink
  artifactKey: Guid(4cb8162c1736f1c4389fb5b4b0a17d75) Importer(815301076,1909f56bfc062723c751e8b465ee728b)
Start importing Assets/Puzzle stage & settings GUI Pack/Image_pink using Guid(4cb8162c1736f1c4389fb5b4b0a17d75) Importer(815301076,1909f56bfc062723c751e8b465ee728b)  -> (artifact id: '74d3f0d43fc85aab5258aa731a9eab84') in 0.000507 seconds
Number of updated asset objects reloaded before import = 0
Number of asset objects unloaded after import = 0
========================================================================
Received Import Request.
  Time since last request: 0.067610 seconds.
  path: Assets/Puzzle stage & settings GUI Pack/Image_pink/+.png
  artifactKey: Guid(ed98146e191ebea478de2e678fc43516) Importer(815301076,1909f56bfc062723c751e8b465ee728b)
Start importing Assets/Puzzle stage & settings GUI Pack/Image_pink/+.png using Guid(ed98146e191ebea478de2e678fc43516) Importer(815301076,1909f56bfc062723c751e8b465ee728b)  -> (artifact id: 'f33d565505abc462e7eb92d10675263f') in 0.014436 seconds
Number of updated asset objects reloaded before import = 0
Number of asset objects unloaded after import = 3
========================================================================
Received Import Request.
  Time since last request: 0.001169 seconds.
  path: Assets/Puzzle stage & settings GUI Pack/Image_pink/bar box.png
  artifactKey: Guid(a90f9e93acf5352418425db60a3787f3) Importer(815301076,1909f56bfc062723c751e8b465ee728b)
Start importing Assets/Puzzle stage & settings GUI Pack/Image_pink/bar box.png using Guid(a90f9e93acf5352418425db60a3787f3) Importer(815301076,1909f56bfc062723c751e8b465ee728b)  -> (artifact id: '47315c350a0afb52d2d51524c0e948c3') in 0.009816 seconds
Number of updated asset objects reloaded before import = 0
Number of asset objects unloaded after import = 3
========================================================================
Received Import Request.
  Time since last request: 0.013161 seconds.
  path: Assets/Puzzle stage & settings GUI Pack/Image_pink/candy bar.png
  artifactKey: Guid(ccf15d81a2920354aa2f8854783a95d6) Importer(815301076,1909f56bfc062723c751e8b465ee728b)
Start importing Assets/Puzzle stage & settings GUI Pack/Image_pink/candy bar.png using Guid(ccf15d81a2920354aa2f8854783a95d6) Importer(815301076,1909f56bfc062723c751e8b465ee728b)  -> (artifact id: '5c9445834390cc29ee601fd832693306') in 0.012874 seconds
Number of updated asset objects reloaded before import = 0
Number of asset objects unloaded after import = 3
========================================================================
Received Import Request.
  Time since last request: 0.000012 seconds.
  path: Assets/Puzzle stage & settings GUI Pack/Image_pink/coin.png
  artifactKey: Guid(0c05fe7b21ad57e4389433edf7931bb3) Importer(815301076,1909f56bfc062723c751e8b465ee728b)
Start importing Assets/Puzzle stage & settings GUI Pack/Image_pink/coin.png using Guid(0c05fe7b21ad57e4389433edf7931bb3) Importer(815301076,1909f56bfc062723c751e8b465ee728b)  -> (artifact id: '33e8d5ffa544386e12f9a633fa4b83bf') in 0.016358 seconds
Number of updated asset objects reloaded before import = 0
Number of asset objects unloaded after import = 3
========================================================================
Received Import Request.
  Time since last request: 0.000013 seconds.
  path: Assets/Puzzle stage & settings GUI Pack/Image_pink/goods jelly.png
  artifactKey: Guid(572ba9107d10daa4595876bd0514c1f6) Importer(815301076,1909f56bfc062723c751e8b465ee728b)
Start importing Assets/Puzzle stage & settings GUI Pack/Image_pink/goods jelly.png using Guid(572ba9107d10daa4595876bd0514c1f6) Importer(815301076,1909f56bfc062723c751e8b465ee728b)  -> (artifact id: '14017554ee17a9c3f21af709446e15ba') in 0.015850 seconds
Number of updated asset objects reloaded before import = 0
Number of asset objects unloaded after import = 3
========================================================================
Received Import Request.
  Time since last request: 0.001622 seconds.
  path: Assets/Puzzle stage & settings GUI Pack/Image_pink/line.png
  artifactKey: Guid(2be0bc8852a5d2c46b4dc305af67bf78) Importer(815301076,1909f56bfc062723c751e8b465ee728b)
Start importing Assets/Puzzle stage & settings GUI Pack/Image_pink/line.png using Guid(2be0bc8852a5d2c46b4dc305af67bf78) Importer(815301076,1909f56bfc062723c751e8b465ee728b)  -> (artifact id: '077acfa713f442f9582ec1c17c3e2b21') in 0.009630 seconds
Number of updated asset objects reloaded before import = 0
Number of asset objects unloaded after import = 3
========================================================================
Received Import Request.
  Time since last request: 0.004073 seconds.
  path: Assets/Puzzle stage & settings GUI Pack/Image_pink/on.png
  artifactKey: Guid(48e03af7987219448a4764f26becddbd) Importer(815301076,1909f56bfc062723c751e8b465ee728b)
Start importing Assets/Puzzle stage & settings GUI Pack/Image_pink/on.png using Guid(48e03af7987219448a4764f26becddbd) Importer(815301076,1909f56bfc062723c751e8b465ee728b)  -> (artifact id: '022e687ac1d620cc8425286b07ca6238') in 0.013196 seconds
Number of updated asset objects reloaded before import = 0
Number of asset objects unloaded after import = 3
========================================================================
Received Import Request.
  Time since last request: 0.001634 seconds.
  path: Assets/Puzzle stage & settings GUI Pack/Image_pink/star.png
  artifactKey: Guid(c6c53084146c703479d667f9e1d3950e) Importer(815301076,1909f56bfc062723c751e8b465ee728b)
Start importing Assets/Puzzle stage & settings GUI Pack/Image_pink/star.png using Guid(c6c53084146c703479d667f9e1d3950e) Importer(815301076,1909f56bfc062723c751e8b465ee728b)  -> (artifact id: 'd1c5a4a3fd7cf95aa69f8b0415696b6a') in 0.013127 seconds
Number of updated asset objects reloaded before import = 0
Number of asset objects unloaded after import = 3
========================================================================
Received Import Request.
  Time since last request: 0.001588 seconds.
  path: Assets/Puzzle stage & settings GUI Pack/Image_pink/x.png
  artifactKey: Guid(2354af655b0e59e478950c0a62a0b979) Importer(815301076,1909f56bfc062723c751e8b465ee728b)
Start importing Assets/Puzzle stage & settings GUI Pack/Image_pink/x.png using Guid(2354af655b0e59e478950c0a62a0b979) Importer(815301076,1909f56bfc062723c751e8b465ee728b)  -> (artifact id: '037c7f6042f6f3b8e6632ebbfadaba1a') in 0.013260 seconds
Number of updated asset objects reloaded before import = 0
Number of asset objects unloaded after import = 3
========================================================================
Received Import Request.
  Time since last request: 90.056656 seconds.
  path: Assets/Prefabs/TooltipBackground.prefab
  artifactKey: Guid(7691406d6b4f56b478335bb290f6967c) Importer(815301076,1909f56bfc062723c751e8b465ee728b)
Start importing Assets/Prefabs/TooltipBackground.prefab using Guid(7691406d6b4f56b478335bb290f6967c) Importer(815301076,1909f56bfc062723c751e8b465ee728b)  -> (artifact id: 'eb95eb6206744a4dd05def9f89c38bff') in 0.005459 seconds
Number of updated asset objects reloaded before import = 0
Number of asset objects unloaded after import = 4
========================================================================
Received Import Request.
  Time since last request: 65.017010 seconds.
  path: Assets/Prefabs/TooltipBackground.prefab
  artifactKey: Guid(7691406d6b4f56b478335bb290f6967c) Importer(815301076,1909f56bfc062723c751e8b465ee728b)
Start importing Assets/Prefabs/TooltipBackground.prefab using Guid(7691406d6b4f56b478335bb290f6967c) Importer(815301076,1909f56bfc062723c751e8b465ee728b)  -> (artifact id: '1180b10d04b29f28033646959e7f193c') in 0.001573 seconds
Number of updated asset objects reloaded before import = 0
Number of asset objects unloaded after import = 6
========================================================================
Received Import Request.
  Time since last request: 285.209651 seconds.
  path: Assets/Prefabs/TooltipBackground.prefab
  artifactKey: Guid(7691406d6b4f56b478335bb290f6967c) Importer(815301076,1909f56bfc062723c751e8b465ee728b)
Start importing Assets/Prefabs/TooltipBackground.prefab using Guid(7691406d6b4f56b478335bb290f6967c) Importer(815301076,1909f56bfc062723c751e8b465ee728b)  -> (artifact id: '15dfdd0db411dc98b90bbd035bfe518e') in 0.001993 seconds
Number of updated asset objects reloaded before import = 0
Number of asset objects unloaded after import = 6
========================================================================
Received Import Request.
  Time since last request: 9.456782 seconds.
  path: Assets/Prefabs/TooltipBackground.prefab
  artifactKey: Guid(7691406d6b4f56b478335bb290f6967c) Importer(815301076,1909f56bfc062723c751e8b465ee728b)
Start importing Assets/Prefabs/TooltipBackground.prefab using Guid(7691406d6b4f56b478335bb290f6967c) Importer(815301076,1909f56bfc062723c751e8b465ee728b)  -> (artifact id: 'd81ea596065c7f616419ccd354c32505') in 0.001578 seconds
Number of updated asset objects reloaded before import = 0
Number of asset objects unloaded after import = 8
========================================================================
Received Import Request.
  Time since last request: 5.440259 seconds.
  path: Assets/Prefabs/TooltipBackground.prefab
  artifactKey: Guid(7691406d6b4f56b478335bb290f6967c) Importer(815301076,1909f56bfc062723c751e8b465ee728b)
Start importing Assets/Prefabs/TooltipBackground.prefab using Guid(7691406d6b4f56b478335bb290f6967c) Importer(815301076,1909f56bfc062723c751e8b465ee728b)  -> (artifact id: '1b4160c943751494e9834782c9853cad') in 0.001542 seconds
Number of updated asset objects reloaded before import = 0
Number of asset objects unloaded after import = 8
========================================================================
Received Import Request.
  Time since last request: 3.407641 seconds.
  path: Assets/Prefabs/TooltipBackground.prefab
  artifactKey: Guid(7691406d6b4f56b478335bb290f6967c) Importer(815301076,1909f56bfc062723c751e8b465ee728b)
Start importing Assets/Prefabs/TooltipBackground.prefab using Guid(7691406d6b4f56b478335bb290f6967c) Importer(815301076,1909f56bfc062723c751e8b465ee728b)  -> (artifact id: '83715b8de6f438ad152de03afee49c21') in 0.001633 seconds
Number of updated asset objects reloaded before import = 0
Number of asset objects unloaded after import = 10
========================================================================
Received Import Request.
  Time since last request: 3.620403 seconds.
  path: Assets/Prefabs/TooltipBackground.prefab
  artifactKey: Guid(7691406d6b4f56b478335bb290f6967c) Importer(815301076,1909f56bfc062723c751e8b465ee728b)
Start importing Assets/Prefabs/TooltipBackground.prefab using Guid(7691406d6b4f56b478335bb290f6967c) Importer(815301076,1909f56bfc062723c751e8b465ee728b)  -> (artifact id: '9e25c0110e506116ed9fb4d6a611315c') in 0.001610 seconds
Number of updated asset objects reloaded before import = 0
Number of asset objects unloaded after import = 10
========================================================================
Received Import Request.
  Time since last request: 1.928888 seconds.
  path: Assets/Prefabs/TooltipBackground.prefab
  artifactKey: Guid(7691406d6b4f56b478335bb290f6967c) Importer(815301076,1909f56bfc062723c751e8b465ee728b)
Start importing Assets/Prefabs/TooltipBackground.prefab using Guid(7691406d6b4f56b478335bb290f6967c) Importer(815301076,1909f56bfc062723c751e8b465ee728b)  -> (artifact id: '20c0c4ca086bd788a646347d0da533a4') in 0.001574 seconds
Number of updated asset objects reloaded before import = 0
Number of asset objects unloaded after import = 12
========================================================================
Received Import Request.
  Time since last request: 6.031912 seconds.
  path: Assets/Prefabs/TooltipBackground.prefab
  artifactKey: Guid(7691406d6b4f56b478335bb290f6967c) Importer(815301076,1909f56bfc062723c751e8b465ee728b)
Start importing Assets/Prefabs/TooltipBackground.prefab using Guid(7691406d6b4f56b478335bb290f6967c) Importer(815301076,1909f56bfc062723c751e8b465ee728b)  -> (artifact id: '38f32bb5dedc442fb44be5cfd3c3e1c4') in 0.001629 seconds
Number of updated asset objects reloaded before import = 0
Number of asset objects unloaded after import = 12
========================================================================
Received Import Request.
  Time since last request: 2.213874 seconds.
  path: Assets/Prefabs/TooltipBackground.prefab
  artifactKey: Guid(7691406d6b4f56b478335bb290f6967c) Importer(815301076,1909f56bfc062723c751e8b465ee728b)
Start importing Assets/Prefabs/TooltipBackground.prefab using Guid(7691406d6b4f56b478335bb290f6967c) Importer(815301076,1909f56bfc062723c751e8b465ee728b)  -> (artifact id: '3857faa56077fea581448ccc526947e2') in 0.001586 seconds
Number of updated asset objects reloaded before import = 0
Number of asset objects unloaded after import = 14
========================================================================
Received Import Request.
  Time since last request: 4.631516 seconds.
  path: Assets/Prefabs/TooltipBackground.prefab
  artifactKey: Guid(7691406d6b4f56b478335bb290f6967c) Importer(815301076,1909f56bfc062723c751e8b465ee728b)
Start importing Assets/Prefabs/TooltipBackground.prefab using Guid(7691406d6b4f56b478335bb290f6967c) Importer(815301076,1909f56bfc062723c751e8b465ee728b)  -> (artifact id: '0c96ce4102daea2cfdf4be0f060ab824') in 0.001626 seconds
Number of updated asset objects reloaded before import = 0
Number of asset objects unloaded after import = 14
========================================================================
Received Import Request.
  Time since last request: 3.428371 seconds.
  path: Assets/Prefabs/TooltipBackground.prefab
  artifactKey: Guid(7691406d6b4f56b478335bb290f6967c) Importer(815301076,1909f56bfc062723c751e8b465ee728b)
Start importing Assets/Prefabs/TooltipBackground.prefab using Guid(7691406d6b4f56b478335bb290f6967c) Importer(815301076,1909f56bfc062723c751e8b465ee728b)  -> (artifact id: 'ae0e00fce68046969c0c986b7c45f0fd') in 0.002821 seconds
Number of updated asset objects reloaded before import = 0
Number of asset objects unloaded after import = 16
========================================================================
Received Import Request.
  Time since last request: 5.998820 seconds.
  path: Assets/Prefabs/TooltipBackground.prefab
  artifactKey: Guid(7691406d6b4f56b478335bb290f6967c) Importer(815301076,1909f56bfc062723c751e8b465ee728b)
Start importing Assets/Prefabs/TooltipBackground.prefab using Guid(7691406d6b4f56b478335bb290f6967c) Importer(815301076,1909f56bfc062723c751e8b465ee728b)  -> (artifact id: 'ffd4da9efefd72ff36c250013a2105f7') in 0.001626 seconds
Number of updated asset objects reloaded before import = 0
Number of asset objects unloaded after import = 16
========================================================================
Received Import Request.
  Time since last request: 92.549207 seconds.
  path: Assets/Prefabs/TooltipBackground.prefab
  artifactKey: Guid(7691406d6b4f56b478335bb290f6967c) Importer(815301076,1909f56bfc062723c751e8b465ee728b)
Start importing Assets/Prefabs/TooltipBackground.prefab using Guid(7691406d6b4f56b478335bb290f6967c) Importer(815301076,1909f56bfc062723c751e8b465ee728b)  -> (artifact id: '207e0c21abf68e6b21eaa4fc7ffa74d0') in 0.001784 seconds
Number of updated asset objects reloaded before import = 0
Number of asset objects unloaded after import = 18
========================================================================
Received Import Request.
  Time since last request: 7.017705 seconds.
  path: Assets/Prefabs/TooltipBackground.prefab
  artifactKey: Guid(7691406d6b4f56b478335bb290f6967c) Importer(815301076,1909f56bfc062723c751e8b465ee728b)
Start importing Assets/Prefabs/TooltipBackground.prefab using Guid(7691406d6b4f56b478335bb290f6967c) Importer(815301076,1909f56bfc062723c751e8b465ee728b)  -> (artifact id: 'aabce2970b341fa7b17cba7d847cdf82') in 0.001608 seconds
Number of updated asset objects reloaded before import = 0
Number of asset objects unloaded after import = 18
========================================================================
Received Import Request.
  Time since last request: 1.823940 seconds.
  path: Assets/Prefabs/TooltipBackground.prefab
  artifactKey: Guid(7691406d6b4f56b478335bb290f6967c) Importer(815301076,1909f56bfc062723c751e8b465ee728b)
Start importing Assets/Prefabs/TooltipBackground.prefab using Guid(7691406d6b4f56b478335bb290f6967c) Importer(815301076,1909f56bfc062723c751e8b465ee728b)  -> (artifact id: 'bd35835695eabdf81e5fad98927ca128') in 0.001595 seconds
Number of updated asset objects reloaded before import = 0
Number of asset objects unloaded after import = 20
========================================================================
Received Import Request.
  Time since last request: 4.618551 seconds.
  path: Assets/Prefabs/TooltipBackground.prefab
  artifactKey: Guid(7691406d6b4f56b478335bb290f6967c) Importer(815301076,1909f56bfc062723c751e8b465ee728b)
Start importing Assets/Prefabs/TooltipBackground.prefab using Guid(7691406d6b4f56b478335bb290f6967c) Importer(815301076,1909f56bfc062723c751e8b465ee728b)  -> (artifact id: 'bac4f483331494c36f494b17cf589fff') in 0.001659 seconds
Number of updated asset objects reloaded before import = 0
Number of asset objects unloaded after import = 20
========================================================================
Received Import Request.
  Time since last request: 1986.557470 seconds.
  path: Assets/Prefabs/TooltipBackground.prefab
  artifactKey: Guid(7691406d6b4f56b478335bb290f6967c) Importer(815301076,1909f56bfc062723c751e8b465ee728b)
Start importing Assets/Prefabs/TooltipBackground.prefab using Guid(7691406d6b4f56b478335bb290f6967c) Importer(815301076,1909f56bfc062723c751e8b465ee728b)  -> (artifact id: '9865a7892204cd9d1bda59325225011a') in 0.101548 seconds
Number of updated asset objects reloaded before import = 0
Number of asset objects unloaded after import = 55
========================================================================
Received Import Request.
  Time since last request: 172.822932 seconds.
  path: Assets/Scripts/Timer/NewBehaviourScript.cs
  artifactKey: Guid(aed15dd81e44f054ead265b85f9f4fc8) Importer(815301076,1909f56bfc062723c751e8b465ee728b)
Start importing Assets/Scripts/Timer/NewBehaviourScript.cs using Guid(aed15dd81e44f054ead265b85f9f4fc8) Importer(815301076,1909f56bfc062723c751e8b465ee728b)  -> (artifact id: '18ad1ca0f828cb80a8e16b5afe7fa0c1') in 0.000538 seconds
Number of updated asset objects reloaded before import = 0
Number of asset objects unloaded after import = 0
========================================================================
Received Import Request.
  Time since last request: 12.801829 seconds.
  path: Assets/Scripts/Timer/TimerTooltip.cs
  artifactKey: Guid(aed15dd81e44f054ead265b85f9f4fc8) Importer(815301076,1909f56bfc062723c751e8b465ee728b)
Start importing Assets/Scripts/Timer/TimerTooltip.cs using Guid(aed15dd81e44f054ead265b85f9f4fc8) Importer(815301076,1909f56bfc062723c751e8b465ee728b)  -> (artifact id: '27e9b9fd8680fed8e424dac9c97960a1') in 0.000468 seconds
Number of updated asset objects reloaded before import = 0
Number of asset objects unloaded after import = 0
========================================================================
Received Prepare
Begin MonoManager ReloadAssembly
- Loaded All Assemblies, in  8.805 seconds
Refreshing native plugins compatible for Editor in 6.95 ms, found 4 plugins.
Native extension for WindowsStandalone target not found
[Package Manager] Server::EnsureServerProcessIsRunning -- launch failed, reason: Unity was launched with the -noUpm command-line argument
[Package Manager] UpmClient::Send -- Unable to send message (not connected to UPM process).
[Package Manager] Cannot connect to Unity Package Manager local server
Mono: successfully reloaded assembly
- Finished resetting the current domain, in  1.695 seconds
Domain Reload Profiling: 10494ms
	BeginReloadAssembly (342ms)
		ExecutionOrderSort (0ms)
		DisableScriptedObjects (25ms)
		BackupInstance (0ms)
		ReleaseScriptingObjects (0ms)
		CreateAndSetChildDomain (119ms)
	RebuildCommonClasses (28ms)
	RebuildNativeTypeToScriptingClass (9ms)
	initialDomainReloadingComplete (37ms)
	LoadAllAssembliesAndSetupDomain (8382ms)
		LoadAssemblies (8463ms)
		RebuildTransferFunctionScriptingTraits (0ms)
		AnalyzeDomain (52ms)
			TypeCache.Refresh (15ms)
				TypeCache.ScanAssembly (2ms)
			ScanForSourceGeneratedMonoScriptInfo (29ms)
			ResolveRequiredComponents (8ms)
	FinalizeReload (1696ms)
		ReleaseScriptCaches (0ms)
		RebuildScriptCaches (0ms)
		SetupLoadedEditorAssemblies (560ms)
			LogAssemblyErrors (0ms)
			InitializePlatformSupportModulesInManaged (8ms)
			SetLoadedEditorAssemblies (3ms)
			RefreshPlugins (0ms)
			BeforeProcessingInitializeOnLoad (118ms)
			ProcessInitializeOnLoadAttributes (390ms)
			ProcessInitializeOnLoadMethodAttributes (30ms)
			AfterProcessingInitializeOnLoad (11ms)
			EditorAssembliesLoaded (0ms)
		ExecutionOrderSort2 (0ms)
		AwakeInstancesAfterBackupRestoration (11ms)
Refreshing native plugins compatible for Editor in 6.87 ms, found 4 plugins.
Preloading 0 native plugins for Editor in 0.00 ms.
Unloading 4634 Unused Serialized files (Serialized files now loaded: 0)
Unloading 40 unused Assets / (38.8 KB). Loaded Objects now: 5160.
Memory consumption went from 156.8 MB to 156.8 MB.
Total: 4.210400 ms (FindLiveObjects: 0.274700 ms CreateObjectMapping: 0.118300 ms MarkObjects: 3.654200 ms  DeleteObjects: 0.162400 ms)

Prepare: number of updated asset objects reloaded= 0
AssetImportParameters requested are different than current active one (requested -> active):
  custom:container-demuxer-ogg: 62fdf1f143b41e24485cea50d1cbac27 -> 
  custom:video-decoder-ogg-theora: a1e56fd34408186e4bbccfd4996cb3dc -> 
  custom:framework-win-MediaFoundation: 216162199b28c13a410421893ffa2e32 -> 
  custom:scripting/monoscript/fileName/NewBehaviourScript.cs: b21687ddb03d73bd9f0c1daecb9714de -> 
  custom:CustomObjectIndexerAttribute: 9a22284fe3817be447336de3de66b15e -> 
  custom:container-demuxer-webm: 4f35f7cbe854078d1ac9338744f61a02 -> 
  custom:container-muxer-webm: aa71ff27fc2769a1b78a27578f13a17b -> 
  custom:video-decoder-webm-vp8: 9c59270c3fd7afecdb556c50c9e8de78 -> 
  custom:SearchIndexIgnoredProperties: e643bd26f0fe6173181afceb89e7c659 -> 
  custom:AudioImporter_EditorPlatform: d09bf68614088b80899f8185d706f6e7 -> 
  custom:video-encoder-webm-vp8: eb34c28f22e8b96e1ab97ce403110664 -> 
  custom:audio-decoder-ogg-vorbis: bf7c407c2cedff20999df2af8eb42d56 -> 
  custom:audio-encoder-webm-vorbis: bf7c407c2cedff20999df2af8eb42d56 -> 
========================================================================
Received Prepare
Begin MonoManager ReloadAssembly
- Loaded All Assemblies, in  0.492 seconds
Refreshing native plugins compatible for Editor in 7.23 ms, found 4 plugins.
Native extension for WindowsStandalone target not found
[Package Manager] Server::EnsureServerProcessIsRunning -- launch failed, reason: Unity was launched with the -noUpm command-line argument
[Package Manager] UpmClient::Send -- Unable to send message (not connected to UPM process).
[Package Manager] Cannot connect to Unity Package Manager local server
Mono: successfully reloaded assembly
- Finished resetting the current domain, in  1.138 seconds
Domain Reload Profiling: 1625ms
	BeginReloadAssembly (149ms)
		ExecutionOrderSort (0ms)
		DisableScriptedObjects (9ms)
		BackupInstance (0ms)
		ReleaseScriptingObjects (0ms)
		CreateAndSetChildDomain (38ms)
	RebuildCommonClasses (28ms)
	RebuildNativeTypeToScriptingClass (14ms)
	initialDomainReloadingComplete (30ms)
	LoadAllAssembliesAndSetupDomain (265ms)
		LoadAssemblies (306ms)
		RebuildTransferFunctionScriptingTraits (0ms)
		AnalyzeDomain (32ms)
			TypeCache.Refresh (11ms)
				TypeCache.ScanAssembly (2ms)
			ScanForSourceGeneratedMonoScriptInfo (14ms)
			ResolveRequiredComponents (6ms)
	FinalizeReload (1139ms)
		ReleaseScriptCaches (0ms)
		RebuildScriptCaches (0ms)
		SetupLoadedEditorAssemblies (548ms)
			LogAssemblyErrors (0ms)
			InitializePlatformSupportModulesInManaged (7ms)
			SetLoadedEditorAssemblies (3ms)
			RefreshPlugins (0ms)
			BeforeProcessingInitializeOnLoad (74ms)
			ProcessInitializeOnLoadAttributes (422ms)
			ProcessInitializeOnLoadMethodAttributes (30ms)
			AfterProcessingInitializeOnLoad (13ms)
			EditorAssembliesLoaded (0ms)
		ExecutionOrderSort2 (0ms)
		AwakeInstancesAfterBackupRestoration (12ms)
Refreshing native plugins compatible for Editor in 7.71 ms, found 4 plugins.
Preloading 0 native plugins for Editor in 0.00 ms.
Unloading 4634 Unused Serialized files (Serialized files now loaded: 0)
Unloading 40 unused Assets / (37.6 KB). Loaded Objects now: 5163.
Memory consumption went from 157.0 MB to 157.0 MB.
Total: 3.843400 ms (FindLiveObjects: 0.607200 ms CreateObjectMapping: 0.167300 ms MarkObjects: 3.006000 ms  DeleteObjects: 0.061600 ms)

Prepare: number of updated asset objects reloaded= 0
AssetImportParameters requested are different than current active one (requested -> active):
  custom:container-demuxer-ogg: 62fdf1f143b41e24485cea50d1cbac27 -> 
  custom:video-decoder-ogg-theora: a1e56fd34408186e4bbccfd4996cb3dc -> 
  custom:framework-win-MediaFoundation: 216162199b28c13a410421893ffa2e32 -> 
  custom:scripting/monoscript/fileName/NewBehaviourScript.cs: b21687ddb03d73bd9f0c1daecb9714de -> 
  custom:CustomObjectIndexerAttribute: 9a22284fe3817be447336de3de66b15e -> 
  custom:container-demuxer-webm: 4f35f7cbe854078d1ac9338744f61a02 -> 
  custom:container-muxer-webm: aa71ff27fc2769a1b78a27578f13a17b -> 
  custom:video-decoder-webm-vp8: 9c59270c3fd7afecdb556c50c9e8de78 -> 
  custom:SearchIndexIgnoredProperties: e643bd26f0fe6173181afceb89e7c659 -> 
  custom:AudioImporter_EditorPlatform: d09bf68614088b80899f8185d706f6e7 -> 
  custom:video-encoder-webm-vp8: eb34c28f22e8b96e1ab97ce403110664 -> 
  custom:audio-decoder-ogg-vorbis: bf7c407c2cedff20999df2af8eb42d56 -> 
  custom:audio-encoder-webm-vorbis: bf7c407c2cedff20999df2af8eb42d56 -> 
========================================================================
Received Import Request.
  Time since last request: 2473.002521 seconds.
  path: Assets/Scripts/Timer/Timer.cs
  artifactKey: Guid(0e8409e1c2f82324682bb6cf3c192a35) Importer(815301076,1909f56bfc062723c751e8b465ee728b)
Start importing Assets/Scripts/Timer/Timer.cs using Guid(0e8409e1c2f82324682bb6cf3c192a35) Importer(815301076,1909f56bfc062723c751e8b465ee728b)  -> (artifact id: '0281c0d634b45bced8e1be95c8224a39') in 0.007740 seconds
Number of updated asset objects reloaded before import = 0
Number of asset objects unloaded after import = 0
========================================================================
Received Import Request.
  Time since last request: 555.529776 seconds.
  path: Assets/Scripts/Shop/ShopItemHolder.cs
  artifactKey: Guid(138db408dc9a8774bb13035efb3e8979) Importer(815301076,1909f56bfc062723c751e8b465ee728b)
Start importing Assets/Scripts/Shop/ShopItemHolder.cs using Guid(138db408dc9a8774bb13035efb3e8979) Importer(815301076,1909f56bfc062723c751e8b465ee728b)  -> (artifact id: 'bc2a48af06b086ac763012173b91e009') in 0.000512 seconds
Number of updated asset objects reloaded before import = 0
Number of asset objects unloaded after import = 0
========================================================================
Received Import Request.
  Time since last request: 6.024808 seconds.
  path: Assets/Scripts/Shop/ShopItemDrag.cs
  artifactKey: Guid(ec7d072f43805c14cbee2521925bd390) Importer(815301076,1909f56bfc062723c751e8b465ee728b)
Start importing Assets/Scripts/Shop/ShopItemDrag.cs using Guid(ec7d072f43805c14cbee2521925bd390) Importer(815301076,1909f56bfc062723c751e8b465ee728b)  -> (artifact id: 'dfcad923e0d52bc15ef5c601f37f5a58') in 0.000526 seconds
Number of updated asset objects reloaded before import = 0
Number of asset objects unloaded after import = 0
========================================================================
Received Import Request.
  Time since last request: 126.328943 seconds.
  path: Assets/Scripts/Map Script/GameManager.cs
  artifactKey: Guid(861fdb30558d05040859bd961ea252b1) Importer(815301076,1909f56bfc062723c751e8b465ee728b)
Start importing Assets/Scripts/Map Script/GameManager.cs using Guid(861fdb30558d05040859bd961ea252b1) Importer(815301076,1909f56bfc062723c751e8b465ee728b)  -> (artifact id: 'd515954429dec53cc8013768181e828a') in 0.000497 seconds
Number of updated asset objects reloaded before import = 0
Number of asset objects unloaded after import = 0
========================================================================
Received Import Request.
  Time since last request: 4.047722 seconds.
  path: Assets/Scripts/Map Script/GameEvents
  artifactKey: Guid(f951803446f26114b955bcbb6deb4b90) Importer(815301076,1909f56bfc062723c751e8b465ee728b)
Start importing Assets/Scripts/Map Script/GameEvents using Guid(f951803446f26114b955bcbb6deb4b90) Importer(815301076,1909f56bfc062723c751e8b465ee728b)  -> (artifact id: '5012e31dd755d9a761e15709d7249c69') in 0.000694 seconds
Number of updated asset objects reloaded before import = 0
Number of asset objects unloaded after import = 0
========================================================================
Received Import Request.
  Time since last request: 2.770446 seconds.
  path: Assets/Scripts/Map Script/GameEvents/CoinSystem.cs
  artifactKey: Guid(4418a848cab67b348b4617871e34593f) Importer(815301076,1909f56bfc062723c751e8b465ee728b)
Start importing Assets/Scripts/Map Script/GameEvents/CoinSystem.cs using Guid(4418a848cab67b348b4617871e34593f) Importer(815301076,1909f56bfc062723c751e8b465ee728b)  -> (artifact id: 'd7c3bc49e223df10cc94560ccc281ccd') in 0.000454 seconds
Number of updated asset objects reloaded before import = 0
Number of asset objects unloaded after import = 0
========================================================================
Received Import Request.
  Time since last request: 9.579956 seconds.
  path: Assets/Scripts/Map Script/GameEvents/EventManager.cs
  artifactKey: Guid(4fdea1a2ced6d8e4b8da9b329cfcde50) Importer(815301076,1909f56bfc062723c751e8b465ee728b)
Start importing Assets/Scripts/Map Script/GameEvents/EventManager.cs using Guid(4fdea1a2ced6d8e4b8da9b329cfcde50) Importer(815301076,1909f56bfc062723c751e8b465ee728b)  -> (artifact id: '549926e506c3b49c80a61d67b0bbc9a1') in 0.000439 seconds
Number of updated asset objects reloaded before import = 0
Number of asset objects unloaded after import = 0
========================================================================
Received Import Request.
  Time since last request: 9.236029 seconds.
  path: Assets/Scripts/Map Script/GameEvents/GameEvent.cs
  artifactKey: Guid(8476811575db69346911caa0ad383626) Importer(815301076,1909f56bfc062723c751e8b465ee728b)
Start importing Assets/Scripts/Map Script/GameEvents/GameEvent.cs using Guid(8476811575db69346911caa0ad383626) Importer(815301076,1909f56bfc062723c751e8b465ee728b)  -> (artifact id: '27fc6051057d4579fa05d51743071a2a') in 0.000556 seconds
Number of updated asset objects reloaded before import = 0
Number of asset objects unloaded after import = 0
========================================================================
Received Import Request.
  Time since last request: 6.796447 seconds.
  path: Assets/Scripts/Map Script/GameEvents/LevelSystem.cs
  artifactKey: Guid(8091a324992a59d4080b48109b1bbcc0) Importer(815301076,1909f56bfc062723c751e8b465ee728b)
Start importing Assets/Scripts/Map Script/GameEvents/LevelSystem.cs using Guid(8091a324992a59d4080b48109b1bbcc0) Importer(815301076,1909f56bfc062723c751e8b465ee728b)  -> (artifact id: 'fe4157883e58b3f6ae3c2428b165400e') in 0.000478 seconds
Number of updated asset objects reloaded before import = 0
Number of asset objects unloaded after import = 0
========================================================================
Received Import Request.
  Time since last request: 406.824186 seconds.
  path: Assets/Scripts/Map Script/GameEvents/TimerTooltip.cs
  artifactKey: Guid(aed15dd81e44f054ead265b85f9f4fc8) Importer(815301076,1909f56bfc062723c751e8b465ee728b)
Start importing Assets/Scripts/Map Script/GameEvents/TimerTooltip.cs using Guid(aed15dd81e44f054ead265b85f9f4fc8) Importer(815301076,1909f56bfc062723c751e8b465ee728b)  -> (artifact id: 'a154b9079009a6e16ebef9531d8ef49f') in 0.000528 seconds
Number of updated asset objects reloaded before import = 0
Number of asset objects unloaded after import = 0
========================================================================
Received Import Request.
  Time since last request: 24.141316 seconds.
  path: Assets/Scripts/Map Script/GameEvents/TimerTooltip.cs
  artifactKey: Guid(aed15dd81e44f054ead265b85f9f4fc8) Importer(815301076,1909f56bfc062723c751e8b465ee728b)
Start importing Assets/Scripts/Map Script/GameEvents/TimerTooltip.cs using Guid(aed15dd81e44f054ead265b85f9f4fc8) Importer(815301076,1909f56bfc062723c751e8b465ee728b)  -> (artifact id: '8bfebb74437c4ade8161807dfd26a743') in 0.000466 seconds
Number of updated asset objects reloaded before import = 0
Number of asset objects unloaded after import = 0
========================================================================
Received Import Request.
  Time since last request: 127.751739 seconds.
  path: Assets/Scripts/TimerTooltip.cs
  artifactKey: Guid(663729766906ec841b09d8f78800e7a9) Importer(815301076,1909f56bfc062723c751e8b465ee728b)
Start importing Assets/Scripts/TimerTooltip.cs using Guid(663729766906ec841b09d8f78800e7a9) Importer(815301076,1909f56bfc062723c751e8b465ee728b)  -> (artifact id: '92e387282c64352c5c470757ea96e8ff') in 0.000536 seconds
Number of updated asset objects reloaded before import = 0
Number of asset objects unloaded after import = 0
========================================================================
Received Import Request.
  Time since last request: 35.606842 seconds.
  path: Assets/Scripts/Timer.cs
  artifactKey: Guid(3d05c23827683394687f9f45e22da72e) Importer(815301076,1909f56bfc062723c751e8b465ee728b)
Start importing Assets/Scripts/Timer.cs using Guid(3d05c23827683394687f9f45e22da72e) Importer(815301076,1909f56bfc062723c751e8b465ee728b)  -> (artifact id: 'c94302e2acf8ee269ce64ab941588141') in 0.000435 seconds
Number of updated asset objects reloaded before import = 0
Number of asset objects unloaded after import = 0
========================================================================
Received Import Request.
  Time since last request: 39894.945879 seconds.
  path: Assets/Scripts/Building.cs
  artifactKey: Guid(9e48fe5ff428c6048bbddf35e84919bb) Importer(815301076,1909f56bfc062723c751e8b465ee728b)
Start importing Assets/Scripts/Building.cs using Guid(9e48fe5ff428c6048bbddf35e84919bb) Importer(815301076,1909f56bfc062723c751e8b465ee728b)  -> (artifact id: '1a70e4a3e3daa81c04fe8860a3d5239b') in 0.014445 seconds
Number of updated asset objects reloaded before import = 0
Number of asset objects unloaded after import = 0
========================================================================
Received Import Request.
  Time since last request: 115.011253 seconds.
  path: Assets/Art 2/Hunter.prefab
  artifactKey: Guid(03f0f01a3acdfcd43ae1e558cf4d92fc) Importer(815301076,1909f56bfc062723c751e8b465ee728b)
Start importing Assets/Art 2/Hunter.prefab using Guid(03f0f01a3acdfcd43ae1e558cf4d92fc) Importer(815301076,1909f56bfc062723c751e8b465ee728b)  -> (artifact id: '869c08a2b5aec7684c935de2fd4866d5') in 0.960019 seconds
Number of updated asset objects reloaded before import = 0
Number of asset objects unloaded after import = 14
========================================================================
Received Import Request.
  Time since last request: 430.454701 seconds.
  path: Assets/Scripts/TimerTooltip.cs
  artifactKey: Guid(663729766906ec841b09d8f78800e7a9) Importer(815301076,1909f56bfc062723c751e8b465ee728b)
Start importing Assets/Scripts/TimerTooltip.cs using Guid(663729766906ec841b09d8f78800e7a9) Importer(815301076,1909f56bfc062723c751e8b465ee728b)  -> (artifact id: 'c063aa6be28caa48d3553bd221be76c5') in 0.083340 seconds
Number of updated asset objects reloaded before import = 0
Number of asset objects unloaded after import = 0
